Date, Event Key, Event

Ø'@, [101], Job created with PID 4735 and priority 4
2017-01-10 18:05:59, [101], Job created with PID 4736 and priority 7
2017-01-10 18:06:00, [101], Job created with PID 4737 and priority 8
2017-01-10 18:06:01, [101], Job created with PID 4738 and priority 6
2017-01-10 18:06:04, [101], Job created with PID 4740 and priority 4
2017-01-10 18:06:05, [101], Job created with PID 4741 and priority 6
2017-01-10 18:06:06, [101], Job created with PID 4743 and priority 7
2017-01-10 18:06:07, [101], Job created with PID 4744 and priority 3
2017-01-10 18:06:10, [101], Job created with PID 4745 and priority 10
2017-01-10 18:06:11, [101], Job created with PID 4746 and priority 2
2017-01-10 18:06:12, [101], Job created with PID 4748 and priority 3
2017-01-10 18:06:13, [101], Job created with PID 4749 and priority 8
2017-01-10 18:06:16, [101], Job created with PID 4751 and priority 1
2017-01-10 18:06:17, [101], Job created with PID 4752 and priority 10
2017-01-10 18:06:18, [101], Job created with PID 4754 and priority 4
2017-01-10 18:06:19, [101], Job created with PID 4755 and priority 7
2017-01-10 18:06:22, [101], Job created with PID 4758 and priority 1
2017-01-10 18:06:23, [101], Job created with PID 4759 and priority 7
2017-01-10 18:06:24, [101], Job created with PID 4761 and priority 3
2017-01-10 18:06:25, [101], Job created with PID 4762 and priority 7
2017-01-10 18:06:50, [101], Job created with PID 4777 and priority 2
2017-01-10 18:06:51, [101], Job created with PID 4778 and priority 9
2017-01-10 18:06:52, [101], Job created with PID 4780 and priority 8
2017-01-10 18:06:53, [101], Job created with PID 4781 and priority 10
2017-01-10 18:06:55, [102], Job destroyed with PID 4745 and priority 10
2017-01-10 18:06:55, [102], Job destroyed with PID 4752 and priority 10
2017-01-10 18:06:55, [102], Job destroyed with PID 4781 and priority 10
2017-01-10 18:06:55, [102], Job destroyed with PID 4778 and priority 9
2017-01-10 18:06:55, [102], Job destroyed with PID 4737 and priority 8
2017-01-10 18:06:55, [102], Job destroyed with PID 4749 and priority 8
2017-01-10 18:06:55, [102], Job destroyed with PID 4780 and priority 8
2017-01-10 18:06:55, [102], Job destroyed with PID 4736 and priority 7
2017-01-10 18:06:56, [101], Job created with PID 4791 and priority 3
2017-01-10 18:06:57, [101], Job created with PID 4792 and priority 1
2017-01-10 18:06:58, [101], Job created with PID 4793 and priority 3
2017-01-10 18:06:59, [101], Job created with PID 4795 and priority 4
2017-01-10 18:07:01, [102], Job destroyed with PID 4743 and priority 7
2017-01-10 18:07:01, [102], Job destroyed with PID 4755 and priority 7
2017-01-10 18:07:01, [102], Job destroyed with PID 4759 and priority 7
2017-01-10 18:07:01, [102], Job destroyed with PID 4762 and priority 7
2017-01-10 18:07:01, [102], Job destroyed with PID 4738 and priority 6
2017-01-10 18:07:01, [102], Job destroyed with PID 4741 and priority 6
2017-01-10 18:07:01, [102], Job destroyed with PID 4735 and priority 4
2017-01-10 18:07:01, [102], Job destroyed with PID 4740 and priority 4
2017-01-10 18:07:02, [101], Job created with PID 4804 and priority 8
2017-01-10 18:07:03, [101], Job created with PID 4806 and priority 6
2017-01-10 18:07:04, [101], Job created with PID 4807 and priority 10
2017-01-10 18:07:05, [101], Job created with PID 4808 and priority 3
2017-01-10 18:07:07, [102], Job destroyed with PID 4804 and priority 8
2017-01-10 18:07:07, [102], Job destroyed with PID 4806 and priority 6
2017-01-10 18:07:07, [102], Job destroyed with PID 4754 and priority 4
2017-01-10 18:07:07, [102], Job destroyed with PID 4795 and priority 4
2017-01-10 18:07:07, [102], Job destroyed with PID 4744 and priority 3
2017-01-10 18:07:07, [102], Job destroyed with PID 4748 and priority 3
2017-01-10 18:07:07, [102], Job destroyed with PID 4761 and priority 3
2017-01-10 18:07:07, [102], Job destroyed with PID 4791 and priority 3
2017-01-10 18:07:08, [101], Job created with PID 4818 and priority 3
2017-01-10 18:07:09, [101], Job created with PID 4820 and priority 9
2017-01-10 18:07:10, [101], Job created with PID 4821 and priority 10
2017-01-10 18:07:11, [101], Job created with PID 4822 and priority 8
2017-01-10 18:07:14, [101], Job created with PID 4824 and priority 4
2017-01-10 18:07:15, [101], Job created with PID 4825 and priority 7
2017-01-10 18:07:16, [101], Job created with PID 4827 and priority 2
2017-01-10 18:07:17, [101], Job created with PID 4828 and priority 3
2017-01-10 18:07:28, [101], Job created with PID 4829 and priority 10
2017-01-10 18:07:29, [101], Job created with PID 4830 and priority 4
2017-01-10 18:07:30, [101], Job created with PID 4832 and priority 2
2017-01-10 18:07:31, [101], Job created with PID 4833 and priority 10
2017-01-10 18:07:34, [101], Job created with PID 4834 and priority 5
2017-01-10 18:07:35, [101], Job created with PID 4835 and priority 8
2017-01-10 18:07:36, [101], Job created with PID 4837 and priority 9
2017-01-10 18:07:37, [101], Job created with PID 4838 and priority 5
2017-01-10 18:07:40, [101], Job created with PID 4839 and priority 6
2017-01-10 18:07:41, [101], Job created with PID 4840 and priority 1
2017-01-10 18:07:42, [101], Job created with PID 4842 and priority 4
2017-01-10 18:07:43, [101], Job created with PID 4843 and priority 7
2017-01-10 18:07:46, [101], Job created with PID 4844 and priority 2
2017-01-10 18:07:47, [101], Job created with PID 4845 and priority 1
2017-01-10 18:07:48, [101], Job created with PID 4847 and priority 7
2017-01-10 18:07:49, [101], Job created with PID 4848 and priority 4
2017-01-10 18:07:52, [101], Job created with PID 4849 and priority 3
2017-01-10 18:07:53, [101], Job created with PID 4850 and priority 1
2017-01-10 18:07:54, [101], Job created with PID 4852 and priority 7
2017-01-10 18:07:55, [101], Job created with PID 4853 and priority 2
2017-01-10 18:08:02, [101], Job created with PID 4854 and priority 6
2017-01-10 18:08:03, [101], Job created with PID 4855 and priority 6
2017-01-10 18:08:04, [101], Job created with PID 4857 and priority 5
2017-01-10 18:08:05, [101], Job created with PID 4858 and priority 8
2017-01-10 18:08:08, [101], Job created with PID 4859 and priority 7
2017-01-10 18:08:09, [101], Job created with PID 4860 and priority 6
2017-01-10 18:08:10, [101], Job created with PID 4862 and priority 7
2017-01-10 18:08:11, [101], Job created with PID 4863 and priority 10
2017-01-10 18:08:14, [101], Job created with PID 4864 and priority 4
2017-01-10 18:08:15, [101], Job created with PID 4865 and priority 8
2017-01-10 18:08:16, [101], Job created with PID 4866 and priority 5
2017-01-10 18:08:17, [101], Job created with PID 4867 and priority 6
2017-01-10 18:08:20, [101], Job created with PID 4868 and priority 3
2017-01-10 18:08:21, [101], Job created with PID 4869 and priority 6
2017-01-10 18:08:22, [101], Job created with PID 4871 and priority 5
2017-01-10 18:08:23, [101], Job created with PID 4872 and priority 8
2017-01-10 18:08:26, [101], Job created with PID 4873 and priority 5
2017-01-10 18:08:27, [101], Job created with PID 4874 and priority 5
2017-01-10 18:08:28, [101], Job created with PID 4876 and priority 4
2017-01-10 18:08:29, [101], Job created with PID 4877 and priority 1
2017-01-10 18:08:43, [101], Job created with PID 4878 and priority 8
2017-01-10 18:08:44, [101], Job created with PID 4879 and priority 9
2017-01-10 18:08:45, [101], Job created with PID 4881 and priority 7
2017-01-10 18:08:46, [101], Job created with PID 4882 and priority 9
2017-01-10 18:08:49, [101], Job created with PID 4883 and priority 9
2017-01-10 18:08:50, [101], Job created with PID 4884 and priority 5
2017-01-10 18:08:51, [101], Job created with PID 4886 and priority 4
2017-01-10 18:08:52, [101], Job created with PID 4887 and priority 2
2017-01-10 18:08:55, [101], Job created with PID 4888 and priority 5
2017-01-10 18:08:56, [101], Job created with PID 4889 and priority 10
2017-01-10 18:08:57, [101], Job created with PID 4891 and priority 3
2017-01-10 18:08:58, [101], Job created with PID 4892 and priority 1
2017-01-10 18:09:01, [101], Job created with PID 4905 and priority 7
2017-01-10 18:09:03, [101], Job created with PID 4906 and priority 9
2017-01-10 18:09:04, [101], Job created with PID 4908 and priority 10
2017-01-10 18:09:05, [101], Job created with PID 4909 and priority 3
2017-01-10 18:09:08, [101], Job created with PID 4910 and priority 7
2017-01-10 18:09:09, [101], Job created with PID 4911 and priority 7
2017-01-10 18:09:10, [101], Job created with PID 4913 and priority 5
2017-01-10 18:09:11, [101], Job created with PID 4914 and priority 10
2017-01-10 18:09:19, [101], Job created with PID 4915 and priority 6
2017-01-10 18:09:20, [101], Job created with PID 4916 and priority 1
2017-01-10 18:09:21, [101], Job created with PID 4918 and priority 5
2017-01-10 18:09:23, [101], Job created with PID 4919 and priority 9
2017-01-10 18:09:26, [101], Job created with PID 4920 and priority 8
2017-01-10 18:09:27, [101], Job created with PID 4921 and priority 2
2017-01-10 18:09:28, [101], Job created with PID 4923 and priority 8
2017-01-10 18:09:29, [101], Job created with PID 4924 and priority 3
2017-01-10 18:09:32, [101], Job created with PID 4926 and priority 8
2017-01-10 18:09:33, [101], Job created with PID 4927 and priority 3
2017-01-10 18:09:34, [101], Job created with PID 4929 and priority 3
2017-01-10 18:09:35, [101], Job created with PID 4930 and priority 7
2017-01-10 18:09:38, [101], Job created with PID 4931 and priority 2
2017-01-10 18:09:39, [101], Job created with PID 4932 and priority 1
2017-01-10 18:09:40, [101], Job created with PID 4934 and priority 7
2017-01-10 18:09:41, [101], Job created with PID 4935 and priority 2
2017-01-10 18:09:44, [101], Job created with PID 4936 and priority 6
2017-01-10 18:09:45, [101], Job created with PID 4937 and priority 10
2017-01-10 18:09:46, [101], Job created with PID 4939 and priority 5
2017-01-10 18:09:47, [101], Job created with PID 4940 and priority 10
Ø'@, [101], Job created with PID 4982 and priority 4
2017-01-10 18:10:29, [101], Job created with PID 4983 and priority 7
2017-01-10 18:10:30, [101], Job created with PID 4995 and priority 8
2017-01-10 18:10:31, [101], Job created with PID 4996 and priority 6
2017-01-10 18:10:34, [101], Job created with PID 4998 and priority 4
2017-01-10 18:10:35, [101], Job created with PID 4999 and priority 6
2017-01-10 18:10:36, [101], Job created with PID 5001 and priority 7
2017-01-10 18:10:37, [101], Job created with PID 5002 and priority 3
2017-01-10 18:10:40, [101], Job created with PID 5004 and priority 10
2017-01-10 18:10:41, [101], Job created with PID 5015 and priority 2
2017-01-10 18:10:42, [101], Job created with PID 5017 and priority 3
2017-01-10 18:10:43, [101], Job created with PID 5018 and priority 8
2017-01-10 18:10:45, [102], Job destroyed with PID 5004 and priority 10
2017-01-10 18:10:45, [102], Job destroyed with PID 4995 and priority 8
2017-01-10 18:10:46, [101], Job created with PID 5022 and priority 1
2017-01-10 18:10:47, [101], Job created with PID 5023 and priority 10
2017-01-10 18:10:48, [101], Job created with PID 5024 and priority 4
2017-01-10 18:10:49, [101], Job created with PID 5026 and priority 7
2017-01-10 18:10:51, [102], Job destroyed with PID 5023 and priority 10
2017-01-10 18:10:51, [102], Job destroyed with PID 5018 and priority 8
2017-01-10 18:10:52, [101], Job created with PID 5029 and priority 1
2017-01-10 18:10:53, [101], Job created with PID 5031 and priority 7
2017-01-10 18:10:54, [101], Job created with PID 5032 and priority 3
2017-01-10 18:10:55, [101], Job created with PID 5033 and priority 7
2017-01-10 18:10:57, [102], Job destroyed with PID 4983 and priority 7
2017-01-10 18:10:57, [102], Job destroyed with PID 5001 and priority 7
2017-01-10 18:11:00, [101], Job created with PID 5039 and priority 2
2017-01-10 18:11:01, [101], Job created with PID 5040 and priority 9
2017-01-10 18:11:02, [101], Job created with PID 5042 and priority 8
2017-01-10 18:11:03, [101], Job created with PID 5043 and priority 10
2017-01-10 18:11:05, [102], Job destroyed with PID 5043 and priority 10
2017-01-10 18:11:05, [102], Job destroyed with PID 5040 and priority 9
2017-01-10 18:11:06, [101], Job created with PID 5046 and priority 3
2017-01-10 18:11:07, [101], Job created with PID 5048 and priority 1
2017-01-10 18:11:08, [101], Job created with PID 5049 and priority 3
2017-01-10 18:11:09, [101], Job created with PID 5050 and priority 4
2017-01-10 18:11:11, [102], Job destroyed with PID 5042 and priority 8
2017-01-10 18:11:11, [102], Job destroyed with PID 5026 and priority 7
2017-01-10 18:11:12, [101], Job created with PID 5054 and priority 8
2017-01-10 18:11:13, [101], Job created with PID 5056 and priority 6
2017-01-10 18:11:14, [101], Job created with PID 5057 and priority 10
2017-01-10 18:11:15, [101], Job created with PID 5058 and priority 3
2017-01-10 18:11:17, [102], Job destroyed with PID 5057 and priority 10
2017-01-10 18:11:17, [102], Job destroyed with PID 5054 and priority 8
Ø'@, [101], Job created with PID 9244 and priority 4
2017-01-10 19:56:30, [101], Job created with PID 9245 and priority 7
2017-01-10 19:56:31, [101], Job created with PID 9247 and priority 8
2017-01-10 19:56:32, [101], Job created with PID 9248 and priority 6
2017-01-10 19:56:33, [101], Job created with PID 9249 and priority 4
2017-01-10 19:56:36, [101], Job created with PID 9251 and priority 6
2017-01-10 19:56:37, [101], Job created with PID 9252 and priority 7
2017-01-10 19:56:38, [101], Job created with PID 9254 and priority 3
2017-01-10 19:56:39, [101], Job created with PID 9255 and priority 10
2017-01-10 19:56:40, [101], Job created with PID 9256 and priority 2
2017-01-10 19:56:43, [101], Job created with PID 9258 and priority 3
2017-01-10 19:56:44, [101], Job created with PID 9259 and priority 8
2017-01-10 19:56:45, [101], Job created with PID 9261 and priority 1
2017-01-10 19:56:46, [101], Job created with PID 9262 and priority 10
2017-01-10 19:56:47, [101], Job created with PID 9263 and priority 4
2017-01-10 19:56:50, [101], Job created with PID 9265 and priority 7
2017-01-10 19:56:51, [101], Job created with PID 9266 and priority 1
2017-01-10 19:56:52, [101], Job created with PID 9268 and priority 7
2017-01-10 19:56:53, [101], Job created with PID 9269 and priority 3
2017-01-10 19:56:54, [101], Job created with PID 9270 and priority 7
2017-01-10 19:56:57, [101], Job created with PID 9272 and priority 2
2017-01-10 19:56:58, [101], Job created with PID 9273 and priority 9
2017-01-10 19:56:59, [101], Job created with PID 9275 and priority 8
2017-01-10 19:57:00, [101], Job created with PID 9276 and priority 10
2017-01-10 19:57:01, [101], Job created with PID 9277 and priority 3
Ø'@, [101], Job created with PID 9316 and priority 4
2017-01-10 20:00:07, [101], Job created with PID 9317 and priority 7
2017-01-10 20:00:08, [101], Job created with PID 9319 and priority 8
2017-01-10 20:00:09, [101], Job created with PID 9320 and priority 6
2017-01-10 20:00:10, [101], Job created with PID 9321 and priority 4
Ø'@, [101], Job created with PID 9352 and priority 4
2017-01-10 20:01:14, [101], Job created with PID 9353 and priority 7
2017-01-10 20:01:15, [101], Job created with PID 9355 and priority 8
2017-01-10 20:01:16, [101], Job created with PID 9356 and priority 6
2017-01-10 20:01:17, [101], Job created with PID 9357 and priority 4
2017-01-10 20:01:20, [101], Job created with PID 9359 and priority 6
2017-01-10 20:01:21, [101], Job created with PID 9360 and priority 7
2017-01-10 20:01:22, [101], Job created with PID 9362 and priority 3
2017-01-10 20:01:23, [101], Job created with PID 9363 and priority 10
2017-01-10 20:01:24, [101], Job created with PID 9364 and priority 2
2017-01-10 20:01:27, [101], Job created with PID 9366 and priority 3
2017-01-10 20:01:28, [101], Job created with PID 9367 and priority 8
2017-01-10 20:01:29, [101], Job created with PID 9369 and priority 1
2017-01-10 20:01:30, [101], Job created with PID 9370 and priority 10
2017-01-10 20:01:31, [101], Job created with PID 9371 and priority 4
è'@, [101], Job created with PID 9404 and priority 4
2017-01-10 20:02:43, [101], Job created with PID 9405 and priority 7
2017-01-10 20:02:44, [101], Job created with PID 9407 and priority 8
2017-01-10 20:02:45, [101], Job created with PID 9408 and priority 6
2017-01-10 20:02:46, [101], Job created with PID 9410 and priority 4
2017-01-10 20:02:49, [101], Job created with PID 9411 and priority 6
2017-01-10 20:02:50, [101], Job created with PID 9412 and priority 7
2017-01-10 20:02:51, [101], Job created with PID 9414 and priority 3
2017-01-10 20:02:52, [101], Job created with PID 9415 and priority 10
2017-01-10 20:02:53, [101], Job created with PID 9416 and priority 2
2017-01-10 20:02:56, [101], Job created with PID 9418 and priority 3
2017-01-10 20:02:58, [101], Job created with PID 9419 and priority 8
è'@, [101], Job created with PID 9435 and priority 4
2017-01-10 20:03:08, [101], Job created with PID 9436 and priority 7
2017-01-10 20:03:09, [101], Job created with PID 9438 and priority 8
2017-01-10 20:03:10, [101], Job created with PID 9439 and priority 6
2017-01-10 20:03:11, [101], Job created with PID 9440 and priority 4
2017-01-10 20:03:14, [101], Job created with PID 9442 and priority 6
2017-01-10 20:03:15, [101], Job created with PID 9443 and priority 7
2017-01-10 20:03:16, [101], Job created with PID 9445 and priority 3
2017-01-10 20:03:17, [101], Job created with PID 9446 and priority 10
2017-01-10 20:03:18, [101], Job created with PID 9447 and priority 2
2017-01-10 20:03:21, [101], Job created with PID 9449 and priority 3
2017-01-10 20:03:22, [101], Job created with PID 9450 and priority 8
2017-01-10 20:03:23, [101], Job created with PID 9452 and priority 1
2017-01-10 20:03:24, [101], Job created with PID 9453 and priority 10
è'@, [101], Job created with PID 9513 and priority 4
2017-01-10 20:03:43, [101], Job created with PID 9514 and priority 7
2017-01-10 20:03:44, [101], Job created with PID 9517 and priority 8
2017-01-10 20:03:45, [101], Job created with PID 9518 and priority 6
2017-01-10 20:03:46, [101], Job created with PID 9519 and priority 4
2017-01-10 20:03:49, [101], Job created with PID 9521 and priority 6
2017-01-10 20:03:50, [101], Job created with PID 9522 and priority 7
2017-01-10 20:03:51, [101], Job created with PID 9524 and priority 3
2017-01-10 20:03:52, [101], Job created with PID 9525 and priority 10
2017-01-10 20:03:53, [101], Job created with PID 9526 and priority 2
2017-01-10 20:03:56, [101], Job created with PID 9529 and priority 3
2017-01-10 20:03:57, [101], Job created with PID 9530 and priority 8
2017-01-10 20:03:58, [101], Job created with PID 9532 and priority 1
2017-01-10 20:03:59, [101], Job created with PID 9533 and priority 10
2017-01-10 20:04:00, [101], Job created with PID 9534 and priority 4
2017-01-10 20:04:03, [101], Job created with PID 9536 and priority 7
2017-01-10 20:04:04, [101], Job created with PID 9537 and priority 1
2017-01-10 20:04:05, [101], Job created with PID 9539 and priority 7
2017-01-10 20:04:06, [101], Job created with PID 9550 and priority 3
2017-01-10 20:04:07, [101], Job created with PID 9551 and priority 7
2017-01-10 20:04:10, [102], Job destroyed with PID 9525 and priority 10
2017-01-10 20:04:10, [102], Job destroyed with PID 9533 and priority 10
2017-01-10 20:04:10, [102], Job destroyed with PID 9517 and priority 8
2017-01-10 20:04:10, [102], Job destroyed with PID 9530 and priority 8
2017-01-10 20:04:10, [102], Job destroyed with PID 9514 and priority 7
2017-01-10 20:04:10, [102], Job destroyed with PID 9522 and priority 7
2017-01-10 20:04:10, [102], Job destroyed with PID 9536 and priority 7
2017-01-10 20:04:10, [102], Job destroyed with PID 9539 and priority 7
2017-01-10 20:04:10, [101], Job created with PID 9561 and priority 2
2017-01-10 20:04:11, [101], Job created with PID 9563 and priority 9
2017-01-10 20:04:12, [101], Job created with PID 9564 and priority 8
2017-01-10 20:04:13, [101], Job created with PID 9565 and priority 10
2017-01-10 20:04:14, [101], Job created with PID 9566 and priority 3
2017-01-10 20:04:17, [102], Job destroyed with PID 9565 and priority 10
2017-01-10 20:04:17, [102], Job destroyed with PID 9563 and priority 9
2017-01-10 20:04:17, [102], Job destroyed with PID 9564 and priority 8
2017-01-10 20:04:17, [102], Job destroyed with PID 9551 and priority 7
2017-01-10 20:04:17, [102], Job destroyed with PID 9518 and priority 6
2017-01-10 20:04:17, [102], Job destroyed with PID 9521 and priority 6
2017-01-10 20:04:17, [102], Job destroyed with PID 9513 and priority 4
2017-01-10 20:04:17, [102], Job destroyed with PID 9519 and priority 4
2017-01-10 20:04:45, [101], Job created with PID 9577 and priority 1
2017-01-10 20:04:46, [101], Job created with PID 9578 and priority 3
2017-01-10 20:04:47, [101], Job created with PID 9581 and priority 4
2017-01-10 20:04:49, [102], Job destroyed with PID 9534 and priority 4
2017-01-10 20:04:49, [102], Job destroyed with PID 9581 and priority 4
2017-01-10 20:04:49, [102], Job destroyed with PID 9524 and priority 3
2017-01-10 20:04:49, [102], Job destroyed with PID 9529 and priority 3
2017-01-10 20:04:49, [102], Job destroyed with PID 9550 and priority 3
2017-01-10 20:04:49, [102], Job destroyed with PID 9566 and priority 3
2017-01-10 20:04:49, [102], Job destroyed with PID 9578 and priority 3
2017-01-10 20:04:49, [102], Job destroyed with PID 9526 and priority 2
è'@, [101], Job created with PID 9619 and priority 4
2017-01-10 20:06:17, [101], Job created with PID 9620 and priority 7
2017-01-10 20:06:18, [101], Job created with PID 9622 and priority 8
2017-01-10 20:06:19, [101], Job created with PID 9623 and priority 6
2017-01-10 20:06:20, [101], Job created with PID 9624 and priority 4
2017-01-10 20:06:23, [101], Job created with PID 9626 and priority 6
2017-01-10 20:06:24, [101], Job created with PID 9627 and priority 7
2017-01-10 20:06:25, [101], Job created with PID 9629 and priority 3
2017-01-10 20:06:26, [101], Job created with PID 9630 and priority 10
2017-01-10 20:06:27, [101], Job created with PID 9631 and priority 2
2017-01-10 20:06:30, [101], Job created with PID 9633 and priority 3
2017-01-10 20:06:31, [101], Job created with PID 9634 and priority 8
2017-01-10 20:06:32, [101], Job created with PID 9636 and priority 1
2017-01-10 20:06:33, [101], Job created with PID 9637 and priority 10
ø'@, [101], Job created with PID 9661 and priority 4
2017-01-10 20:06:59, [101], Job created with PID 9662 and priority 7
2017-01-10 20:07:00, [101], Job created with PID 9664 and priority 8
2017-01-10 20:07:01, [101], Job created with PID 9665 and priority 6
2017-01-10 20:07:02, [101], Job created with PID 9666 and priority 4
2017-01-10 20:07:05, [101], Job created with PID 9668 and priority 6
2017-01-10 20:07:06, [101], Job created with PID 9669 and priority 7
2017-01-10 20:07:07, [101], Job created with PID 9671 and priority 3
2017-01-10 20:07:08, [101], Job created with PID 9672 and priority 10
2017-01-10 20:07:09, [101], Job created with PID 9673 and priority 2
2017-01-10 20:07:12, [101], Job created with PID 9675 and priority 3
2017-01-10 20:07:13, [101], Job created with PID 9676 and priority 8
2017-01-10 20:07:14, [101], Job created with PID 9678 and priority 1
2017-01-10 20:07:15, [101], Job created with PID 9679 and priority 10
ø'@, [101], Job created with PID 9712 and priority 4
2017-01-10 20:09:01, [101], Job created with PID 9724 and priority 7
2017-01-10 20:09:04, [101], Job created with PID 9727 and priority 8
ø'@, [101], Job created with PID 9764 and priority 4
2017-01-10 20:11:59, [101], Job created with PID 9765 and priority 7
2017-01-10 20:12:02, [101], Job created with PID 9767 and priority 8
ø'@, [101], Job created with PID 9783 and priority 4
2017-01-10 20:12:16, [101], Job created with PID 9784 and priority 7
2017-01-10 20:12:17, [101], Job created with PID 9786 and priority 8
2017-01-10 20:12:18, [101], Job created with PID 9787 and priority 6
2017-01-10 20:12:21, [101], Job created with PID 9788 and priority 4
2017-01-10 20:12:22, [101], Job created with PID 9789 and priority 6
(@, [101], Job created with PID 9857 and priority 4
2017-01-10 20:15:53, [101], Job created with PID 9858 and priority 7
2017-01-10 20:15:56, [101], Job created with PID 9860 and priority 8
(@, [101], Job created with PID 9889 and priority 4
2017-01-10 20:16:21, [101], Job created with PID 9890 and priority 7
2017-01-10 20:16:24, [101], Job created with PID 9892 and priority 8
2017-01-10 20:16:25, [101], Job created with PID 9893 and priority 6
2017-01-10 20:16:28, [101], Job created with PID 9905 and priority 4
2017-01-10 20:16:29, [101], Job created with PID 9906 and priority 6
2017-01-10 20:16:32, [101], Job created with PID 9908 and priority 7
2017-01-10 20:16:33, [101], Job created with PID 9909 and priority 3
2017-01-10 20:16:36, [101], Job created with PID 9911 and priority 10
2017-01-10 20:16:37, [101], Job created with PID 9912 and priority 2
(@, [101], Job created with PID 10035 and priority 4
2017-01-10 20:20:34, [101], Job created with PID 10036 and priority 7
2017-01-10 20:20:37, [101], Job created with PID 10039 and priority 8
2017-01-10 20:20:38, [101], Job created with PID 10040 and priority 6
2017-01-10 20:20:41, [101], Job created with PID 10042 and priority 4
2017-01-10 20:20:42, [101], Job created with PID 10043 and priority 6
2017-01-10 20:20:45, [101], Job created with PID 10045 and priority 7
2017-01-10 20:20:46, [101], Job created with PID 10046 and priority 3
2017-01-10 20:20:49, [101], Job created with PID 10048 and priority 10
2017-01-10 20:20:50, [101], Job created with PID 10049 and priority 2
(@, [101], Job created with PID 10074 and priority 4
2017-01-10 20:21:56, [101], Job created with PID 10075 and priority 7
2017-01-10 20:21:59, [101], Job created with PID 10088 and priority 8
2017-01-10 20:22:00, [101], Job created with PID 10089 and priority 6
2017-01-10 20:22:02, [102], Job destroyed with PID 10088 and priority 8
2017-01-10 20:22:02, [102], Job destroyed with PID 10075 and priority 7
2017-01-10 20:22:03, [101], Job created with PID 10093 and priority 4
2017-01-10 20:22:04, [101], Job created with PID 10095 and priority 6
2017-01-10 20:22:06, [102], Job destroyed with PID 10089 and priority 6
2017-01-10 20:22:06, [102], Job destroyed with PID 10095 and priority 6
2017-01-10 20:22:07, [101], Job created with PID 10098 and priority 7
2017-01-10 20:22:08, [101], Job created with PID 10100 and priority 3
2017-01-10 20:22:10, [102], Job destroyed with PID 10098 and priority 7
2017-01-10 20:22:10, [102], Job destroyed with PID 10074 and priority 4
2017-01-10 20:22:11, [101], Job created with PID 10103 and priority 10
2017-01-10 20:22:12, [101], Job created with PID 10105 and priority 2
2017-01-10 20:22:14, [102], Job destroyed with PID 10103 and priority 10
2017-01-10 20:22:14, [102], Job destroyed with PID 10093 and priority 4
